<?xml version="1.0" encoding="UTF-8"?>
<!-- Generated by org.testng.reporters.JUnitReportReporter -->
<testsuite hostname="DebagnikWorkStation" name="org.assign.Restassured.project" tests="4" failures="0" timestamp="4 Jul 2022 08:34:59 GMT" time="5.976" errors="0">
  <testcase name="firstDELETE" time="1.090" classname="org.assign.Restassured.project"/>
  <testcase name="login" time="1.205" classname="org.assign.Restassured.project"/>
  <testcase name="firstPUT" time="1.106" classname="org.assign.Restassured.project"/>
  <testcase name="firstPOST" time="2.575" classname="org.assign.Restassured.project"/>
</testsuite> <!-- org.assign.Restassured.project -->
